<?xml version="1.0" encoding="UTF-8"?>
<testng-results skipped="2" failed="0" total="2" passed="0">
  <reporter-output>
  </reporter-output>
  <suite name="Default suite" duration-ms="110" started-at="2016-03-01T13:11:33Z" finished-at="2016-03-01T13:11:33Z">
    <groups>
    </groups>
    <test name="Default test" duration-ms="110" started-at="2016-03-01T13:11:33Z" finished-at="2016-03-01T13:11:33Z">
      <class name="com.test.HomePageTest">
        <test-method status="FAIL" signature="setUp()[pri:0, instance:com.test.HomePageTest@75412c2f]" name="setUp" is-config="true" duration-ms="0" started-at="2016-03-01T05:11:31Z" finished-at="2016-03-01T05:11:31Z">
          <exception class="org.openqa.selenium.WebDriverException">
            <message>
              <![CDATA[java.net.MalformedURLException: no protocol: "http://www.whiteboxqa.com"
Build info: version: '2.52.0', revision: '4c2593c', time: '2016-02-11 19:06:42'
System info: host: 'VVVV', ip: '192.168.1.4', os.name: 'Windows 8.1', os.arch: 'amd64', os.version: '6.3', java.version: '1.8.0_73'
Driver info: driver.version: PageDriver]]>
            </message>
            <full-stacktrace>
              <![CDATA[org.openqa.selenium.WebDriverException: java.net.MalformedURLException: no protocol: "http://www.whiteboxqa.com"
Build info: version: '2.52.0', revision: '4c2593c', time: '2016-02-11 19:06:42'
System info: host: 'VVVV', ip: '192.168.1.4', os.name: 'Windows 8.1', os.arch: 'amd64', os.version: '6.3', java.version: '1.8.0_73'
Driver info: driver.version: PageDriver
	at org.openqa.selenium.htmlunit.HtmlUnitDriver.get(HtmlUnitDriver.java:527)
	at com.util.PageDriver.intializeBrowser(PageDriver.java:47)
	at com.util.PageDriver.<init>(PageDriver.java:23)
	at com.base.BaseTest.setUp(BaseTest.java:24)
	at sun.reflect.NativeMethodAccessorImpl.invoke0(Native Method)
	at sun.reflect.NativeMethodAccessorImpl.invoke(Unknown Source)
	at sun.reflect.DelegatingMethodAccessorImpl.invoke(Unknown Source)
	at java.lang.reflect.Method.invoke(Unknown Source)
	at org.testng.internal.MethodInvocationHelper.invokeMethod(MethodInvocationHelper.java:85)
	at org.testng.internal.Invoker.invokeConfigurationMethod(Invoker.java:510)
	at org.testng.internal.Invoker.invokeConfigurations(Invoker.java:211)
	at org.testng.internal.Invoker.invokeConfigurations(Invoker.java:138)
	at org.testng.SuiteRunner.privateRun(SuiteRunner.java:298)
	at org.testng.SuiteRunner.run(SuiteRunner.java:261)
	at org.testng.SuiteRunnerWorker.runSuite(SuiteRunnerWorker.java:52)
	at org.testng.SuiteRunnerWorker.run(SuiteRunnerWorker.java:86)
	at org.testng.TestNG.runSuitesSequentially(TestNG.java:1215)
	at org.testng.TestNG.runSuitesLocally(TestNG.java:1140)
	at org.testng.TestNG.run(TestNG.java:1048)
	at org.testng.remote.RemoteTestNG.run(RemoteTestNG.java:112)
	at org.testng.remote.RemoteTestNG.initAndRun(RemoteTestNG.java:205)
	at org.testng.remote.RemoteTestNG.main(RemoteTestNG.java:176)
Caused by: java.net.MalformedURLException: no protocol: "http://www.whiteboxqa.com"
	at java.net.URL.<init>(Unknown Source)
	at java.net.URL.<init>(Unknown Source)
	at java.net.URL.<init>(Unknown Source)
	at org.openqa.selenium.htmlunit.HtmlUnitDriver.get(HtmlUnitDriver.java:525)
	... 21 more
]]>
            </full-stacktrace>
          </exception> <!-- org.openqa.selenium.WebDriverException -->
          <reporter-output>
          </reporter-output>
        </test-method> <!-- setUp -->
        <test-method status="SKIP" signature="intialize()[pri:0, instance:com.test.HomePageTest@75412c2f]" name="intialize" is-config="true" duration-ms="0" started-at="2016-03-01T05:11:33Z" finished-at="2016-03-01T05:11:33Z">
          <reporter-output>
          </reporter-output>
        </test-method> <!-- intialize -->
        <test-method status="SKIP" signature="testClickLogin()[pri:0, instance:com.test.HomePageTest@75412c2f]" name="testClickLogin" duration-ms="7" started-at="2016-03-01T05:11:33Z" finished-at="2016-03-01T05:11:33Z">
          <reporter-output>
          </reporter-output>
        </test-method> <!-- testClickLogin -->
        <test-method status="SKIP" signature="testCountSocialIcons()[pri:0, instance:com.test.HomePageTest@75412c2f]" name="testCountSocialIcons" duration-ms="5" started-at="2016-03-01T05:11:33Z" finished-at="2016-03-01T05:11:33Z">
          <reporter-output>
          </reporter-output>
        </test-method> <!-- testCountSocialIcons -->
        <test-method status="SKIP" signature="quit()[pri:0, instance:com.test.HomePageTest@75412c2f]" name="quit" is-config="true" duration-ms="0" started-at="2016-03-01T05:11:33Z" finished-at="2016-03-01T05:11:33Z">
          <reporter-output>
          </reporter-output>
        </test-method> <!-- quit -->
      </class> <!-- com.test.HomePageTest -->
    </test> <!-- Default test -->
  </suite> <!-- Default suite -->
</testng-results>
